<?xml version="1.0" encoding="UTF-8"?>
<testsuite name="NumbersTest" tests="1" skipped="0" failures="1" errors="0" timestamp="2022-04-06T14:43:57" hostname="SOHO-JFETZER" time="1.946">
  <properties/>
  <testcase name="start" classname="NumbersTest" time="1.946">
    <failure message="java.lang.AssertionError: Wrong answer in test #17&#10;&#10;For the property GAPFUL, the expected value is false but was found true.&#10;&#10;Please find below the output of your program during this failed test.&#10;Note that the '&gt;' character indicates the beginning of the input line.&#10;&#10;---&#10;&#10;[last 250 lines of output are shown, 48 skipped]&#10;&#9; buzz: false&#10;&#9; duck: false&#10;&#9; palindromic: true&#10;&#9; gapful: false&#10;&#9; even: false&#10;&#9; odd: true&#10;Welcome to Amazing Numbers!&#10;Supported requests:&#10;- enter a natural number to know its properties;&#10;- enter two natural numbers to obtain the properties of the list:&#10;    * the first parameter represents a starting number;&#10;    * the second parameter shows how many consecutive numbers are to be printed;&#10;- separate the parameters with one space;&#10;- enter 0 to exit.&#10;&#10;Enter a request:&#10;&gt; 4&#10;Properties of 4&#10;&#9; buzz: false&#10;&#9; duck: false&#10;&#9; palindromic: true&#10;&#9; gapful: false&#10;&#9; even: true&#10;&#9; odd: false&#10;Welcome to Amazing Numbers!&#10;Supported requests:&#10;- enter a natural number to know its properties;&#10;- enter two natural numbers to obtain the properties of the list:&#10;    * the first parameter represents a starting number;&#10;    * the second parameter shows how many consecutive numbers are to be printed;&#10;- separate the parameters with one space;&#10;- enter 0 to exit.&#10;&#10;Enter a request:&#10;&gt; 5&#10;Properties of 5&#10;&#9; buzz: false&#10;&#9; duck: false&#10;&#9; palindromic: true&#10;&#9; gapful: false&#10;&#9; even: false&#10;&#9; odd: true&#10;Welcome to Amazing Numbers!&#10;Supported requests:&#10;- enter a natural number to know its properties;&#10;- enter two natural numbers to obtain the properties of the list:&#10;    * the first parameter represents a starting number;&#10;    * the second parameter shows how many consecutive numbers are to be printed;&#10;- separate the parameters with one space;&#10;- enter 0 to exit.&#10;&#10;Enter a request:&#10;&gt; 6&#10;Properties of 6&#10;&#9; buzz: false&#10;&#9; duck: false&#10;&#9; palindromic: true&#10;&#9; gapful: false&#10;&#9; even: true&#10;&#9; odd: false&#10;Welcome to Amazing Numbers!&#10;Supported requests:&#10;- enter a natural number to know its properties;&#10;- enter two natural numbers to obtain the properties of the list:&#10;    * the first parameter represents a starting number;&#10;    * the second parameter shows how many consecutive numbers are to be printed;&#10;- separate the parameters with one space;&#10;- enter 0 to exit.&#10;&#10;Enter a request:&#10;&gt; 7&#10;Properties of 7&#10;&#9; buzz: true&#10;&#9; duck: false&#10;&#9; palindromic: true&#10;&#9; gapful: false&#10;&#9; even: false&#10;&#9; odd: true&#10;Welcome to Amazing Numbers!&#10;Supported requests:&#10;- enter a natural number to know its properties;&#10;- enter two natural numbers to obtain the properties of the list:&#10;    * the first parameter represents a starting number;&#10;    * the second parameter shows how many consecutive numbers are to be printed;&#10;- separate the parameters with one space;&#10;- enter 0 to exit.&#10;&#10;Enter a request:&#10;&gt; 8&#10;Properties of 8&#10;&#9; buzz: false&#10;&#9; duck: false&#10;&#9; palindromic: true&#10;&#9; gapful: false&#10;&#9; even: true&#10;&#9; odd: false&#10;Welcome to Amazing Numbers!&#10;Supported requests:&#10;- enter a natural number to know its properties;&#10;- enter two natural numbers to obtain the properties of the list:&#10;    * the first parameter represents a starting number;&#10;    * the second parameter shows how many consecutive numbers are to be printed;&#10;- separate the parameters with one space;&#10;- enter 0 to exit.&#10;&#10;Enter a request:&#10;&gt; 9&#10;Properties of 9&#10;&#9; buzz: false&#10;&#9; duck: false&#10;&#9; palindromic: true&#10;&#9; gapful: false&#10;&#9; even: false&#10;&#9; odd: true&#10;Welcome to Amazing Numbers!&#10;Supported requests:&#10;- enter a natural number to know its properties;&#10;- enter two natural numbers to obtain the properties of the list:&#10;    * the first parameter represents a starting number;&#10;    * the second parameter shows how many consecutive numbers are to be printed;&#10;- separate the parameters with one space;&#10;- enter 0 to exit.&#10;&#10;Enter a request:&#10;&gt; 10&#10;Properties of 10&#10;&#9; buzz: false&#10;&#9; duck: true&#10;&#9; palindromic: false&#10;&#9; gapful: false&#10;&#9; even: true&#10;&#9; odd: false&#10;Welcome to Amazing Numbers!&#10;Supported requests:&#10;- enter a natural number to know its properties;&#10;- enter two natural numbers to obtain the properties of the list:&#10;    * the first parameter represents a starting number;&#10;    * the second parameter shows how many consecutive numbers are to be printed;&#10;- separate the parameters with one space;&#10;- enter 0 to exit.&#10;&#10;Enter a request:&#10;&gt; 11&#10;Properties of 11&#10;&#9; buzz: false&#10;&#9; duck: false&#10;&#9; palindromic: true&#10;&#9; gapful: false&#10;&#9; even: false&#10;&#9; odd: true&#10;Welcome to Amazing Numbers!&#10;Supported requests:&#10;- enter a natural number to know its properties;&#10;- enter two natural numbers to obtain the properties of the list:&#10;    * the first parameter represents a starting number;&#10;    * the second parameter shows how many consecutive numbers are to be printed;&#10;- separate the parameters with one space;&#10;- enter 0 to exit.&#10;&#10;Enter a request:&#10;&gt; 12&#10;Properties of 12&#10;&#9; buzz: false&#10;&#9; duck: false&#10;&#9; palindromic: false&#10;&#9; gapful: false&#10;&#9; even: true&#10;&#9; odd: false&#10;Welcome to Amazing Numbers!&#10;Supported requests:&#10;- enter a natural number to know its properties;&#10;- enter two natural numbers to obtain the properties of the list:&#10;    * the first parameter represents a starting number;&#10;    * the second parameter shows how many consecutive numbers are to be printed;&#10;- separate the parameters with one space;&#10;- enter 0 to exit.&#10;&#10;Enter a request:&#10;&gt; 13&#10;Properties of 13&#10;&#9; buzz: false&#10;&#9; duck: false&#10;&#9; palindromic: false&#10;&#9; gapful: false&#10;&#9; even: false&#10;&#9; odd: true&#10;Welcome to Amazing Numbers!&#10;Supported requests:&#10;- enter a natural number to know its properties;&#10;- enter two natural numbers to obtain the properties of the list:&#10;    * the first parameter represents a starting number;&#10;    * the second parameter shows how many consecutive numbers are to be printed;&#10;- separate the parameters with one space;&#10;- enter 0 to exit.&#10;&#10;Enter a request:&#10;&gt; 14&#10;Properties of 14&#10;&#9; buzz: true&#10;&#9; duck: false&#10;&#9; palindromic: false&#10;&#9; gapful: false&#10;&#9; even: true&#10;&#9; odd: false&#10;Welcome to Amazing Numbers!&#10;Supported requests:&#10;- enter a natural number to know its properties;&#10;- enter two natural numbers to obtain the properties of the list:&#10;    * the first parameter represents a starting number;&#10;    * the second parameter shows how many consecutive numbers are to be printed;&#10;- separate the parameters with one space;&#10;- enter 0 to exit.&#10;&#10;Enter a request:&#10;&gt; 3168968709477745918&#10;Properties of 3168968709477745918&#10;&#9; buzz: false&#10;&#9; duck: true&#10;&#9; palindromic: false&#10;&#9; gapful: false&#10;&#9; even: true&#10;&#9; odd: false&#10;Welcome to Amazing Numbers!&#10;Supported requests:&#10;- enter a natural number to know its properties;&#10;- enter two natural numbers to obtain the properties of the list:&#10;    * the first parameter represents a starting number;&#10;    * the second parameter shows how many consecutive numbers are to be printed;&#10;- separate the parameters with one space;&#10;- enter 0 to exit.&#10;&#10;Enter a request:&#10;&gt; 7750467334233764368&#10;Properties of 7750467334233764368&#10;&#9; buzz: false&#10;&#9; duck: true&#10;&#9; palindromic: false&#10;&#9; gapful: true&#10;&#9; even: true&#10;&#9; odd: false&#10;Welcome to Amazing Numbers!&#10;Supported requests:&#10;- enter a natural number to know its properties;&#10;- enter two natural numbers to obtain the properties of the list:&#10;    * the first parameter represents a starting number;&#10;    * the second parameter shows how many consecutive numbers are to be printed;&#10;- separate the parameters with one space;&#10;- enter 0 to exit.&#10;&#10;Enter a request:" type="java.lang.AssertionError">java.lang.AssertionError: Wrong answer in test #17

For the property GAPFUL, the expected value is false but was found true.

Please find below the output of your program during this failed test.
Note that the '&gt;' character indicates the beginning of the input line.

---

[last 250 lines of output are shown, 48 skipped]
	 buzz: false
	 duck: false
	 palindromic: true
	 gapful: false
	 even: false
	 odd: true
Welcome to Amazing Numbers!
Supported requests:
- enter a natural number to know its properties;
- enter two natural numbers to obtain the properties of the list:
    * the first parameter represents a starting number;
    * the second parameter shows how many consecutive numbers are to be printed;
- separate the parameters with one space;
- enter 0 to exit.

Enter a request:
&gt; 4
Properties of 4
	 buzz: false
	 duck: false
	 palindromic: true
	 gapful: false
	 even: true
	 odd: false
Welcome to Amazing Numbers!
Supported requests:
- enter a natural number to know its properties;
- enter two natural numbers to obtain the properties of the list:
    * the first parameter represents a starting number;
    * the second parameter shows how many consecutive numbers are to be printed;
- separate the parameters with one space;
- enter 0 to exit.

Enter a request:
&gt; 5
Properties of 5
	 buzz: false
	 duck: false
	 palindromic: true
	 gapful: false
	 even: false
	 odd: true
Welcome to Amazing Numbers!
Supported requests:
- enter a natural number to know its properties;
- enter two natural numbers to obtain the properties of the list:
    * the first parameter represents a starting number;
    * the second parameter shows how many consecutive numbers are to be printed;
- separate the parameters with one space;
- enter 0 to exit.

Enter a request:
&gt; 6
Properties of 6
	 buzz: false
	 duck: false
	 palindromic: true
	 gapful: false
	 even: true
	 odd: false
Welcome to Amazing Numbers!
Supported requests:
- enter a natural number to know its properties;
- enter two natural numbers to obtain the properties of the list:
    * the first parameter represents a starting number;
    * the second parameter shows how many consecutive numbers are to be printed;
- separate the parameters with one space;
- enter 0 to exit.

Enter a request:
&gt; 7
Properties of 7
	 buzz: true
	 duck: false
	 palindromic: true
	 gapful: false
	 even: false
	 odd: true
Welcome to Amazing Numbers!
Supported requests:
- enter a natural number to know its properties;
- enter two natural numbers to obtain the properties of the list:
    * the first parameter represents a starting number;
    * the second parameter shows how many consecutive numbers are to be printed;
- separate the parameters with one space;
- enter 0 to exit.

Enter a request:
&gt; 8
Properties of 8
	 buzz: false
	 duck: false
	 palindromic: true
	 gapful: false
	 even: true
	 odd: false
Welcome to Amazing Numbers!
Supported requests:
- enter a natural number to know its properties;
- enter two natural numbers to obtain the properties of the list:
    * the first parameter represents a starting number;
    * the second parameter shows how many consecutive numbers are to be printed;
- separate the parameters with one space;
- enter 0 to exit.

Enter a request:
&gt; 9
Properties of 9
	 buzz: false
	 duck: false
	 palindromic: true
	 gapful: false
	 even: false
	 odd: true
Welcome to Amazing Numbers!
Supported requests:
- enter a natural number to know its properties;
- enter two natural numbers to obtain the properties of the list:
    * the first parameter represents a starting number;
    * the second parameter shows how many consecutive numbers are to be printed;
- separate the parameters with one space;
- enter 0 to exit.

Enter a request:
&gt; 10
Properties of 10
	 buzz: false
	 duck: true
	 palindromic: false
	 gapful: false
	 even: true
	 odd: false
Welcome to Amazing Numbers!
Supported requests:
- enter a natural number to know its properties;
- enter two natural numbers to obtain the properties of the list:
    * the first parameter represents a starting number;
    * the second parameter shows how many consecutive numbers are to be printed;
- separate the parameters with one space;
- enter 0 to exit.

Enter a request:
&gt; 11
Properties of 11
	 buzz: false
	 duck: false
	 palindromic: true
	 gapful: false
	 even: false
	 odd: true
Welcome to Amazing Numbers!
Supported requests:
- enter a natural number to know its properties;
- enter two natural numbers to obtain the properties of the list:
    * the first parameter represents a starting number;
    * the second parameter shows how many consecutive numbers are to be printed;
- separate the parameters with one space;
- enter 0 to exit.

Enter a request:
&gt; 12
Properties of 12
	 buzz: false
	 duck: false
	 palindromic: false
	 gapful: false
	 even: true
	 odd: false
Welcome to Amazing Numbers!
Supported requests:
- enter a natural number to know its properties;
- enter two natural numbers to obtain the properties of the list:
    * the first parameter represents a starting number;
    * the second parameter shows how many consecutive numbers are to be printed;
- separate the parameters with one space;
- enter 0 to exit.

Enter a request:
&gt; 13
Properties of 13
	 buzz: false
	 duck: false
	 palindromic: false
	 gapful: false
	 even: false
	 odd: true
Welcome to Amazing Numbers!
Supported requests:
- enter a natural number to know its properties;
- enter two natural numbers to obtain the properties of the list:
    * the first parameter represents a starting number;
    * the second parameter shows how many consecutive numbers are to be printed;
- separate the parameters with one space;
- enter 0 to exit.

Enter a request:
&gt; 14
Properties of 14
	 buzz: true
	 duck: false
	 palindromic: false
	 gapful: false
	 even: true
	 odd: false
Welcome to Amazing Numbers!
Supported requests:
- enter a natural number to know its properties;
- enter two natural numbers to obtain the properties of the list:
    * the first parameter represents a starting number;
    * the second parameter shows how many consecutive numbers are to be printed;
- separate the parameters with one space;
- enter 0 to exit.

Enter a request:
&gt; 3168968709477745918
Properties of 3168968709477745918
	 buzz: false
	 duck: true
	 palindromic: false
	 gapful: false
	 even: true
	 odd: false
Welcome to Amazing Numbers!
Supported requests:
- enter a natural number to know its properties;
- enter two natural numbers to obtain the properties of the list:
    * the first parameter represents a starting number;
    * the second parameter shows how many consecutive numbers are to be printed;
- separate the parameters with one space;
- enter 0 to exit.

Enter a request:
&gt; 7750467334233764368
Properties of 7750467334233764368
	 buzz: false
	 duck: true
	 palindromic: false
	 gapful: true
	 even: true
	 odd: false
Welcome to Amazing Numbers!
Supported requests:
- enter a natural number to know its properties;
- enter two natural numbers to obtain the properties of the list:
    * the first parameter represents a starting number;
    * the second parameter shows how many consecutive numbers are to be printed;
- separate the parameters with one space;
- enter 0 to exit.

Enter a request:
	at org.junit.Assert.fail(Assert.java:88)
	at org.hyperskill.hstest.stage.StageTest.start(StageTest.java:155)
	at java.base/jdk.internal.reflect.NativeMethodAccessorImpl.invoke0(Native Method)
	at java.base/jdk.internal.reflect.NativeMethodAccessorImpl.invoke(NativeMethodAccessorImpl.java:77)
	at java.base/jdk.internal.reflect.DelegatingMethodAccessorImpl.invoke(DelegatingMethodAccessorImpl.java:43)
	at java.base/java.lang.reflect.Method.invoke(Method.java:568)
	at org.junit.runners.model.FrameworkMethod$1.runReflectiveCall(FrameworkMethod.java:50)
	at org.junit.internal.runners.model.ReflectiveCallable.run(ReflectiveCallable.java:12)
	at org.junit.runners.model.FrameworkMethod.invokeExplosively(FrameworkMethod.java:47)
	at org.junit.internal.runners.statements.InvokeMethod.evaluate(InvokeMethod.java:17)
	at org.junit.runners.ParentRunner.runLeaf(ParentRunner.java:325)
	at org.junit.runners.BlockJUnit4ClassRunner.runChild(BlockJUnit4ClassRunner.java:78)
	at org.junit.runners.BlockJUnit4ClassRunner.runChild(BlockJUnit4ClassRunner.java:57)
	at org.junit.runners.ParentRunner$3.run(ParentRunner.java:290)
	at org.junit.runners.ParentRunner$1.schedule(ParentRunner.java:71)
	at org.junit.runners.ParentRunner.runChildren(ParentRunner.java:288)
	at org.junit.runners.ParentRunner.access$000(ParentRunner.java:58)
	at org.junit.runners.ParentRunner$2.evaluate(ParentRunner.java:268)
	at org.junit.runners.ParentRunner.run(ParentRunner.java:363)
	at org.gradle.api.internal.tasks.testing.junit.JUnitTestClassExecutor.runTestClass(JUnitTestClassExecutor.java:110)
	at org.gradle.api.internal.tasks.testing.junit.JUnitTestClassExecutor.execute(JUnitTestClassExecutor.java:58)
	at org.gradle.api.internal.tasks.testing.junit.JUnitTestClassExecutor.execute(JUnitTestClassExecutor.java:38)
	at org.gradle.api.internal.tasks.testing.junit.AbstractJUnitTestClassProcessor.processTestClass(AbstractJUnitTestClassProcessor.java:62)
	at org.gradle.api.internal.tasks.testing.SuiteTestClassProcessor.processTestClass(SuiteTestClassProcessor.java:51)
	at java.base/jdk.internal.reflect.NativeMethodAccessorImpl.invoke0(Native Method)
	at java.base/jdk.internal.reflect.NativeMethodAccessorImpl.invoke(NativeMethodAccessorImpl.java:77)
	at java.base/jdk.internal.reflect.DelegatingMethodAccessorImpl.invoke(DelegatingMethodAccessorImpl.java:43)
	at java.base/java.lang.reflect.Method.invoke(Method.java:568)
	at org.gradle.internal.dispatch.ReflectionDispatch.dispatch(ReflectionDispatch.java:36)
	at org.gradle.internal.dispatch.ReflectionDispatch.dispatch(ReflectionDispatch.java:24)
	at org.gradle.internal.dispatch.ContextClassLoaderDispatch.dispatch(ContextClassLoaderDispatch.java:33)
	at org.gradle.internal.dispatch.ProxyDispatchAdapter$DispatchingInvocationHandler.invoke(ProxyDispatchAdapter.java:94)
	at jdk.proxy1/jdk.proxy1.$Proxy2.processTestClass(Unknown Source)
	at org.gradle.api.internal.tasks.testing.worker.TestWorker$2.run(TestWorker.java:176)
	at org.gradle.api.internal.tasks.testing.worker.TestWorker.executeAndMaintainThreadName(TestWorker.java:129)
	at org.gradle.api.internal.tasks.testing.worker.TestWorker.execute(TestWorker.java:100)
	at org.gradle.api.internal.tasks.testing.worker.TestWorker.execute(TestWorker.java:60)
	at org.gradle.process.internal.worker.child.ActionExecutionWorker.execute(ActionExecutionWorker.java:56)
	at org.gradle.process.internal.worker.child.SystemApplicationClassLoaderWorker.call(SystemApplicationClassLoaderWorker.java:133)
	at org.gradle.process.internal.worker.child.SystemApplicationClassLoaderWorker.call(SystemApplicationClassLoaderWorker.java:71)
	at worker.org.gradle.process.internal.worker.GradleWorkerMain.run(GradleWorkerMain.java:69)
	at worker.org.gradle.process.internal.worker.GradleWorkerMain.main(GradleWorkerMain.java:74)
</failure>
  </testcase>
  <system-out><![CDATA[?[1;31m
Start test 1?[0m
Welcome to Amazing Numbers!
Supported requests:
- enter a natural number to know its properties;
- enter two natural numbers to obtain the properties of the list:
    * the first parameter represents a starting number;
    * the second parameter shows how many consecutive numbers are to be printed;
- separate the parameters with one space;
- enter 0 to exit.

Enter a request:
> 0
?[1;31m
Start test 2?[0m
Welcome to Amazing Numbers!
Supported requests:
- enter a natural number to know its properties;
- enter two natural numbers to obtain the properties of the list:
    * the first parameter represents a starting number;
    * the second parameter shows how many consecutive numbers are to be printed;
- separate the parameters with one space;
- enter 0 to exit.

Enter a request:
> -70
The first parameter should be a natural number or zero.
Welcome to Amazing Numbers!
Supported requests:
- enter a natural number to know its properties;
- enter two natural numbers to obtain the properties of the list:
    * the first parameter represents a starting number;
    * the second parameter shows how many consecutive numbers are to be printed;
- separate the parameters with one space;
- enter 0 to exit.

Enter a request:
Welcome to Amazing Numbers!
Supported requests:
- enter a natural number to know its properties;
- enter two natural numbers to obtain the properties of the list:
    * the first parameter represents a starting number;
    * the second parameter shows how many consecutive numbers are to be printed;
- separate the parameters with one space;
- enter 0 to exit.

Enter a request:
> 0
?[1;31m
Start test 3?[0m
Welcome to Amazing Numbers!
Supported requests:
- enter a natural number to know its properties;
- enter two natural numbers to obtain the properties of the list:
    * the first parameter represents a starting number;
    * the second parameter shows how many consecutive numbers are to be printed;
- separate the parameters with one space;
- enter 0 to exit.

Enter a request:
> -119
The first parameter should be a natural number or zero.
Welcome to Amazing Numbers!
Supported requests:
- enter a natural number to know its properties;
- enter two natural numbers to obtain the properties of the list:
    * the first parameter represents a starting number;
    * the second parameter shows how many consecutive numbers are to be printed;
- separate the parameters with one space;
- enter 0 to exit.

Enter a request:
Welcome to Amazing Numbers!
Supported requests:
- enter a natural number to know its properties;
- enter two natural numbers to obtain the properties of the list:
    * the first parameter represents a starting number;
    * the second parameter shows how many consecutive numbers are to be printed;
- separate the parameters with one space;
- enter 0 to exit.

Enter a request:
> 0
?[1;31m
Start test 4?[0m
Welcome to Amazing Numbers!
Supported requests:
- enter a natural number to know its properties;
- enter two natural numbers to obtain the properties of the list:
    * the first parameter represents a starting number;
    * the second parameter shows how many consecutive numbers are to be printed;
- separate the parameters with one space;
- enter 0 to exit.

Enter a request:
> -74
The first parameter should be a natural number or zero.
Welcome to Amazing Numbers!
Supported requests:
- enter a natural number to know its properties;
- enter two natural numbers to obtain the properties of the list:
    * the first parameter represents a starting number;
    * the second parameter shows how many consecutive numbers are to be printed;
- separate the parameters with one space;
- enter 0 to exit.

Enter a request:
Welcome to Amazing Numbers!
Supported requests:
- enter a natural number to know its properties;
- enter two natural numbers to obtain the properties of the list:
    * the first parameter represents a starting number;
    * the second parameter shows how many consecutive numbers are to be printed;
- separate the parameters with one space;
- enter 0 to exit.

Enter a request:
> 0
?[1;31m
Start test 5?[0m
Welcome to Amazing Numbers!
Supported requests:
- enter a natural number to know its properties;
- enter two natural numbers to obtain the properties of the list:
    * the first parameter represents a starting number;
    * the second parameter shows how many consecutive numbers are to be printed;
- separate the parameters with one space;
- enter 0 to exit.

Enter a request:
> -18
The first parameter should be a natural number or zero.
Welcome to Amazing Numbers!
Supported requests:
- enter a natural number to know its properties;
- enter two natural numbers to obtain the properties of the list:
    * the first parameter represents a starting number;
    * the second parameter shows how many consecutive numbers are to be printed;
- separate the parameters with one space;
- enter 0 to exit.

Enter a request:
Welcome to Amazing Numbers!
Supported requests:
- enter a natural number to know its properties;
- enter two natural numbers to obtain the properties of the list:
    * the first parameter represents a starting number;
    * the second parameter shows how many consecutive numbers are to be printed;
- separate the parameters with one space;
- enter 0 to exit.

Enter a request:
> 0
?[1;31m
Start test 6?[0m
Welcome to Amazing Numbers!
Supported requests:
- enter a natural number to know its properties;
- enter two natural numbers to obtain the properties of the list:
    * the first parameter represents a starting number;
    * the second parameter shows how many consecutive numbers are to be printed;
- separate the parameters with one space;
- enter 0 to exit.

Enter a request:
> -120
The first parameter should be a natural number or zero.
Welcome to Amazing Numbers!
Supported requests:
- enter a natural number to know its properties;
- enter two natural numbers to obtain the properties of the list:
    * the first parameter represents a starting number;
    * the second parameter shows how many consecutive numbers are to be printed;
- separate the parameters with one space;
- enter 0 to exit.

Enter a request:
Welcome to Amazing Numbers!
Supported requests:
- enter a natural number to know its properties;
- enter two natural numbers to obtain the properties of the list:
    * the first parameter represents a starting number;
    * the second parameter shows how many consecutive numbers are to be printed;
- separate the parameters with one space;
- enter 0 to exit.

Enter a request:
> 0
?[1;31m
Start test 7?[0m
Welcome to Amazing Numbers!
Supported requests:
- enter a natural number to know its properties;
- enter two natural numbers to obtain the properties of the list:
    * the first parameter represents a starting number;
    * the second parameter shows how many consecutive numbers are to be printed;
- separate the parameters with one space;
- enter 0 to exit.

Enter a request:
> 22929 -30468
The second parameter should be a natural number.
Welcome to Amazing Numbers!
Supported requests:
- enter a natural number to know its properties;
- enter two natural numbers to obtain the properties of the list:
    * the first parameter represents a starting number;
    * the second parameter shows how many consecutive numbers are to be printed;
- separate the parameters with one space;
- enter 0 to exit.

Enter a request:
Welcome to Amazing Numbers!
Supported requests:
- enter a natural number to know its properties;
- enter two natural numbers to obtain the properties of the list:
    * the first parameter represents a starting number;
    * the second parameter shows how many consecutive numbers are to be printed;
- separate the parameters with one space;
- enter 0 to exit.

Enter a request:
> 0
?[1;31m
Start test 8?[0m
Welcome to Amazing Numbers!
Supported requests:
- enter a natural number to know its properties;
- enter two natural numbers to obtain the properties of the list:
    * the first parameter represents a starting number;
    * the second parameter shows how many consecutive numbers are to be printed;
- separate the parameters with one space;
- enter 0 to exit.

Enter a request:
> 30488 -19952
The second parameter should be a natural number.
Welcome to Amazing Numbers!
Supported requests:
- enter a natural number to know its properties;
- enter two natural numbers to obtain the properties of the list:
    * the first parameter represents a starting number;
    * the second parameter shows how many consecutive numbers are to be printed;
- separate the parameters with one space;
- enter 0 to exit.

Enter a request:
Welcome to Amazing Numbers!
Supported requests:
- enter a natural number to know its properties;
- enter two natural numbers to obtain the properties of the list:
    * the first parameter represents a starting number;
    * the second parameter shows how many consecutive numbers are to be printed;
- separate the parameters with one space;
- enter 0 to exit.

Enter a request:
> 0
?[1;31m
Start test 9?[0m
Welcome to Amazing Numbers!
Supported requests:
- enter a natural number to know its properties;
- enter two natural numbers to obtain the properties of the list:
    * the first parameter represents a starting number;
    * the second parameter shows how many consecutive numbers are to be printed;
- separate the parameters with one space;
- enter 0 to exit.

Enter a request:
> 20096 -20500
The second parameter should be a natural number.
Welcome to Amazing Numbers!
Supported requests:
- enter a natural number to know its properties;
- enter two natural numbers to obtain the properties of the list:
    * the first parameter represents a starting number;
    * the second parameter shows how many consecutive numbers are to be printed;
- separate the parameters with one space;
- enter 0 to exit.

Enter a request:
Welcome to Amazing Numbers!
Supported requests:
- enter a natural number to know its properties;
- enter two natural numbers to obtain the properties of the list:
    * the first parameter represents a starting number;
    * the second parameter shows how many consecutive numbers are to be printed;
- separate the parameters with one space;
- enter 0 to exit.

Enter a request:
> 0
?[1;31m
Start test 10?[0m
Welcome to Amazing Numbers!
Supported requests:
- enter a natural number to know its properties;
- enter two natural numbers to obtain the properties of the list:
    * the first parameter represents a starting number;
    * the second parameter shows how many consecutive numbers are to be printed;
- separate the parameters with one space;
- enter 0 to exit.

Enter a request:
> 21380 -17537
The second parameter should be a natural number.
Welcome to Amazing Numbers!
Supported requests:
- enter a natural number to know its properties;
- enter two natural numbers to obtain the properties of the list:
    * the first parameter represents a starting number;
    * the second parameter shows how many consecutive numbers are to be printed;
- separate the parameters with one space;
- enter 0 to exit.

Enter a request:
Welcome to Amazing Numbers!
Supported requests:
- enter a natural number to know its properties;
- enter two natural numbers to obtain the properties of the list:
    * the first parameter represents a starting number;
    * the second parameter shows how many consecutive numbers are to be printed;
- separate the parameters with one space;
- enter 0 to exit.

Enter a request:
> 0
?[1;31m
Start test 11?[0m
Welcome to Amazing Numbers!
Supported requests:
- enter a natural number to know its properties;
- enter two natural numbers to obtain the properties of the list:
    * the first parameter represents a starting number;
    * the second parameter shows how many consecutive numbers are to be printed;
- separate the parameters with one space;
- enter 0 to exit.

Enter a request:
> 21289 -28657
The second parameter should be a natural number.
Welcome to Amazing Numbers!
Supported requests:
- enter a natural number to know its properties;
- enter two natural numbers to obtain the properties of the list:
    * the first parameter represents a starting number;
    * the second parameter shows how many consecutive numbers are to be printed;
- separate the parameters with one space;
- enter 0 to exit.

Enter a request:
Welcome to Amazing Numbers!
Supported requests:
- enter a natural number to know its properties;
- enter two natural numbers to obtain the properties of the list:
    * the first parameter represents a starting number;
    * the second parameter shows how many consecutive numbers are to be printed;
- separate the parameters with one space;
- enter 0 to exit.

Enter a request:
> 0
?[1;31m
Start test 12?[0m
Welcome to Amazing Numbers!
Supported requests:
- enter a natural number to know its properties;
- enter two natural numbers to obtain the properties of the list:
    * the first parameter represents a starting number;
    * the second parameter shows how many consecutive numbers are to be printed;
- separate the parameters with one space;
- enter 0 to exit.

Enter a request:
> 3579 -21339
The second parameter should be a natural number.
Welcome to Amazing Numbers!
Supported requests:
- enter a natural number to know its properties;
- enter two natural numbers to obtain the properties of the list:
    * the first parameter represents a starting number;
    * the second parameter shows how many consecutive numbers are to be printed;
- separate the parameters with one space;
- enter 0 to exit.

Enter a request:
Welcome to Amazing Numbers!
Supported requests:
- enter a natural number to know its properties;
- enter two natural numbers to obtain the properties of the list:
    * the first parameter represents a starting number;
    * the second parameter shows how many consecutive numbers are to be printed;
- separate the parameters with one space;
- enter 0 to exit.

Enter a request:
> 0
?[1;31m
Start test 13?[0m
Welcome to Amazing Numbers!
Supported requests:
- enter a natural number to know its properties;
- enter two natural numbers to obtain the properties of the list:
    * the first parameter represents a starting number;
    * the second parameter shows how many consecutive numbers are to be printed;
- separate the parameters with one space;
- enter 0 to exit.

Enter a request:
> 5221 -25971
The second parameter should be a natural number.
Welcome to Amazing Numbers!
Supported requests:
- enter a natural number to know its properties;
- enter two natural numbers to obtain the properties of the list:
    * the first parameter represents a starting number;
    * the second parameter shows how many consecutive numbers are to be printed;
- separate the parameters with one space;
- enter 0 to exit.

Enter a request:
Welcome to Amazing Numbers!
Supported requests:
- enter a natural number to know its properties;
- enter two natural numbers to obtain the properties of the list:
    * the first parameter represents a starting number;
    * the second parameter shows how many consecutive numbers are to be printed;
- separate the parameters with one space;
- enter 0 to exit.

Enter a request:
> 0
?[1;31m
Start test 14?[0m
Welcome to Amazing Numbers!
Supported requests:
- enter a natural number to know its properties;
- enter two natural numbers to obtain the properties of the list:
    * the first parameter represents a starting number;
    * the second parameter shows how many consecutive numbers are to be printed;
- separate the parameters with one space;
- enter 0 to exit.

Enter a request:
> 17035 -4408
The second parameter should be a natural number.
Welcome to Amazing Numbers!
Supported requests:
- enter a natural number to know its properties;
- enter two natural numbers to obtain the properties of the list:
    * the first parameter represents a starting number;
    * the second parameter shows how many consecutive numbers are to be printed;
- separate the parameters with one space;
- enter 0 to exit.

Enter a request:
Welcome to Amazing Numbers!
Supported requests:
- enter a natural number to know its properties;
- enter two natural numbers to obtain the properties of the list:
    * the first parameter represents a starting number;
    * the second parameter shows how many consecutive numbers are to be printed;
- separate the parameters with one space;
- enter 0 to exit.

Enter a request:
> 0
?[1;31m
Start test 15?[0m
Welcome to Amazing Numbers!
Supported requests:
- enter a natural number to know its properties;
- enter two natural numbers to obtain the properties of the list:
    * the first parameter represents a starting number;
    * the second parameter shows how many consecutive numbers are to be printed;
- separate the parameters with one space;
- enter 0 to exit.

Enter a request:
> 26429 -12695
The second parameter should be a natural number.
Welcome to Amazing Numbers!
Supported requests:
- enter a natural number to know its properties;
- enter two natural numbers to obtain the properties of the list:
    * the first parameter represents a starting number;
    * the second parameter shows how many consecutive numbers are to be printed;
- separate the parameters with one space;
- enter 0 to exit.

Enter a request:
Welcome to Amazing Numbers!
Supported requests:
- enter a natural number to know its properties;
- enter two natural numbers to obtain the properties of the list:
    * the first parameter represents a starting number;
    * the second parameter shows how many consecutive numbers are to be printed;
- separate the parameters with one space;
- enter 0 to exit.

Enter a request:
> 0
?[1;31m
Start test 16?[0m
Welcome to Amazing Numbers!
Supported requests:
- enter a natural number to know its properties;
- enter two natural numbers to obtain the properties of the list:
    * the first parameter represents a starting number;
    * the second parameter shows how many consecutive numbers are to be printed;
- separate the parameters with one space;
- enter 0 to exit.

Enter a request:
> 32040 -25585
The second parameter should be a natural number.
Welcome to Amazing Numbers!
Supported requests:
- enter a natural number to know its properties;
- enter two natural numbers to obtain the properties of the list:
    * the first parameter represents a starting number;
    * the second parameter shows how many consecutive numbers are to be printed;
- separate the parameters with one space;
- enter 0 to exit.

Enter a request:
Welcome to Amazing Numbers!
Supported requests:
- enter a natural number to know its properties;
- enter two natural numbers to obtain the properties of the list:
    * the first parameter represents a starting number;
    * the second parameter shows how many consecutive numbers are to be printed;
- separate the parameters with one space;
- enter 0 to exit.

Enter a request:
> 0
?[1;31m
Start test 17?[0m
Welcome to Amazing Numbers!
Supported requests:
- enter a natural number to know its properties;
- enter two natural numbers to obtain the properties of the list:
    * the first parameter represents a starting number;
    * the second parameter shows how many consecutive numbers are to be printed;
- separate the parameters with one space;
- enter 0 to exit.

Enter a request:
> 1
Properties of 1
	 buzz: false
	 duck: false
	 palindromic: true
	 gapful: false
	 even: false
	 odd: true
Welcome to Amazing Numbers!
Supported requests:
- enter a natural number to know its properties;
- enter two natural numbers to obtain the properties of the list:
    * the first parameter represents a starting number;
    * the second parameter shows how many consecutive numbers are to be printed;
- separate the parameters with one space;
- enter 0 to exit.

Enter a request:
> 2
Properties of 2
	 buzz: false
	 duck: false
	 palindromic: true
	 gapful: false
	 even: true
	 odd: false
Welcome to Amazing Numbers!
Supported requests:
- enter a natural number to know its properties;
- enter two natural numbers to obtain the properties of the list:
    * the first parameter represents a starting number;
    * the second parameter shows how many consecutive numbers are to be printed;
- separate the parameters with one space;
- enter 0 to exit.

Enter a request:
> 3
Properties of 3
	 buzz: false
	 duck: false
	 palindromic: true
	 gapful: false
	 even: false
	 odd: true
Welcome to Amazing Numbers!
Supported requests:
- enter a natural number to know its properties;
- enter two natural numbers to obtain the properties of the list:
    * the first parameter represents a starting number;
    * the second parameter shows how many consecutive numbers are to be printed;
- separate the parameters with one space;
- enter 0 to exit.

Enter a request:
> 4
Properties of 4
	 buzz: false
	 duck: false
	 palindromic: true
	 gapful: false
	 even: true
	 odd: false
Welcome to Amazing Numbers!
Supported requests:
- enter a natural number to know its properties;
- enter two natural numbers to obtain the properties of the list:
    * the first parameter represents a starting number;
    * the second parameter shows how many consecutive numbers are to be printed;
- separate the parameters with one space;
- enter 0 to exit.

Enter a request:
> 5
Properties of 5
	 buzz: false
	 duck: false
	 palindromic: true
	 gapful: false
	 even: false
	 odd: true
Welcome to Amazing Numbers!
Supported requests:
- enter a natural number to know its properties;
- enter two natural numbers to obtain the properties of the list:
    * the first parameter represents a starting number;
    * the second parameter shows how many consecutive numbers are to be printed;
- separate the parameters with one space;
- enter 0 to exit.

Enter a request:
> 6
Properties of 6
	 buzz: false
	 duck: false
	 palindromic: true
	 gapful: false
	 even: true
	 odd: false
Welcome to Amazing Numbers!
Supported requests:
- enter a natural number to know its properties;
- enter two natural numbers to obtain the properties of the list:
    * the first parameter represents a starting number;
    * the second parameter shows how many consecutive numbers are to be printed;
- separate the parameters with one space;
- enter 0 to exit.

Enter a request:
> 7
Properties of 7
	 buzz: true
	 duck: false
	 palindromic: true
	 gapful: false
	 even: false
	 odd: true
Welcome to Amazing Numbers!
Supported requests:
- enter a natural number to know its properties;
- enter two natural numbers to obtain the properties of the list:
    * the first parameter represents a starting number;
    * the second parameter shows how many consecutive numbers are to be printed;
- separate the parameters with one space;
- enter 0 to exit.

Enter a request:
> 8
Properties of 8
	 buzz: false
	 duck: false
	 palindromic: true
	 gapful: false
	 even: true
	 odd: false
Welcome to Amazing Numbers!
Supported requests:
- enter a natural number to know its properties;
- enter two natural numbers to obtain the properties of the list:
    * the first parameter represents a starting number;
    * the second parameter shows how many consecutive numbers are to be printed;
- separate the parameters with one space;
- enter 0 to exit.

Enter a request:
> 9
Properties of 9
	 buzz: false
	 duck: false
	 palindromic: true
	 gapful: false
	 even: false
	 odd: true
Welcome to Amazing Numbers!
Supported requests:
- enter a natural number to know its properties;
- enter two natural numbers to obtain the properties of the list:
    * the first parameter represents a starting number;
    * the second parameter shows how many consecutive numbers are to be printed;
- separate the parameters with one space;
- enter 0 to exit.

Enter a request:
> 10
Properties of 10
	 buzz: false
	 duck: true
	 palindromic: false
	 gapful: false
	 even: true
	 odd: false
Welcome to Amazing Numbers!
Supported requests:
- enter a natural number to know its properties;
- enter two natural numbers to obtain the properties of the list:
    * the first parameter represents a starting number;
    * the second parameter shows how many consecutive numbers are to be printed;
- separate the parameters with one space;
- enter 0 to exit.

Enter a request:
> 11
Properties of 11
	 buzz: false
	 duck: false
	 palindromic: true
	 gapful: false
	 even: false
	 odd: true
Welcome to Amazing Numbers!
Supported requests:
- enter a natural number to know its properties;
- enter two natural numbers to obtain the properties of the list:
    * the first parameter represents a starting number;
    * the second parameter shows how many consecutive numbers are to be printed;
- separate the parameters with one space;
- enter 0 to exit.

Enter a request:
> 12
Properties of 12
	 buzz: false
	 duck: false
	 palindromic: false
	 gapful: false
	 even: true
	 odd: false
Welcome to Amazing Numbers!
Supported requests:
- enter a natural number to know its properties;
- enter two natural numbers to obtain the properties of the list:
    * the first parameter represents a starting number;
    * the second parameter shows how many consecutive numbers are to be printed;
- separate the parameters with one space;
- enter 0 to exit.

Enter a request:
> 13
Properties of 13
	 buzz: false
	 duck: false
	 palindromic: false
	 gapful: false
	 even: false
	 odd: true
Welcome to Amazing Numbers!
Supported requests:
- enter a natural number to know its properties;
- enter two natural numbers to obtain the properties of the list:
    * the first parameter represents a starting number;
    * the second parameter shows how many consecutive numbers are to be printed;
- separate the parameters with one space;
- enter 0 to exit.

Enter a request:
> 14
Properties of 14
	 buzz: true
	 duck: false
	 palindromic: false
	 gapful: false
	 even: true
	 odd: false
Welcome to Amazing Numbers!
Supported requests:
- enter a natural number to know its properties;
- enter two natural numbers to obtain the properties of the list:
    * the first parameter represents a starting number;
    * the second parameter shows how many consecutive numbers are to be printed;
- separate the parameters with one space;
- enter 0 to exit.

Enter a request:
> 3168968709477745918
Properties of 3168968709477745918
	 buzz: false
	 duck: true
	 palindromic: false
	 gapful: false
	 even: true
	 odd: false
Welcome to Amazing Numbers!
Supported requests:
- enter a natural number to know its properties;
- enter two natural numbers to obtain the properties of the list:
    * the first parameter represents a starting number;
    * the second parameter shows how many consecutive numbers are to be printed;
- separate the parameters with one space;
- enter 0 to exit.

Enter a request:
> 7750467334233764368
Properties of 7750467334233764368
	 buzz: false
	 duck: true
	 palindromic: false
	 gapful: true
	 even: true
	 odd: false
Welcome to Amazing Numbers!
Supported requests:
- enter a natural number to know its properties;
- enter two natural numbers to obtain the properties of the list:
    * the first parameter represents a starting number;
    * the second parameter shows how many consecutive numbers are to be printed;
- separate the parameters with one space;
- enter 0 to exit.

Enter a request:
]]></system-out>
  <system-err><![CDATA[]]></system-err>
</testsuite>
